Parsing types from 'C:\Program Files (x86)\Eclipse\Sumo/data/typemap/osmNetconvert.typ.xml' ... done.
Parsing nodes from osm-file 'data/sumo/manhattan.osm' ... done (82ms).
Parsing edges from osm-file 'data/sumo/manhattan.osm' ...
Warning: Value of key 'maxspeed:type' is not numeric ('US-NY:urban') in edge '5673063'.
Warning: Using default width for edge '5673511' as value '32'0"' could not be parsed.
Warning: Using default width for edge '23048548' as value '11'' could not be parsed.
Warning: Using default width for edge '46334586' as value '33'4"' could not be parsed.
Warning: Unknown lane use specifier '' ignored for way '195743211'
Warning: Unknown lane use specifier '' ignored for way '226041033'
Warning: Unknown lane use specifier '' ignored for way '226041033'
Warning: Unknown lane use specifier '' ignored for way '324118553'
Warning: Unknown lane use specifier '' ignored for way '324118553'
Warning: Using default width for edge '460585328' as value '69'6"' could not be parsed.
Warning: Using default width for edge '601733867' as value '60'' could not be parsed.
Warning: Value of key 'maxspeed:type' is not numeric ('US-NY:urban') in edge '988977545'.
Warning: Value of key 'maxspeed:type' is not numeric ('US-NY:urban') in edge '1106482765'.
 done (177ms).
Removing duplicate edges ... done.
Warning: Discarding unknown compound 'bus' in type 'bus|highway.service' (first occurrence for edge '5669228').
Warning: Discarding unknown compound 'psv' in type 'highway.motorway|psv' (first occurrence for edge '5669566').
Warning: New value for oneway found: reversible
Warning: Discarding unknown compound 'cycleway.lane' in type 'cycleway.lane|highway.residential' (first occurrence for edge '5669841').
Warning: Discarding unknown compound 'cycleway.track' in type 'cycleway.track|highway.residential' (first occurrence for edge '5670197').
Warning: Discarding unknown compound 'cycleway.lane' in type 'cycleway.lane|highway.secondary' (first occurrence for edge '5670348').
Warning: New value for oneway found: reversible
Warning: New value for oneway found: reversible
Warning: New value for oneway found: reversible
Warning: New value for oneway found: reversible
 Import done:
   5655 nodes loaded.
   38 types loaded.
   7420 edges loaded.
Proj projection parameters used: '+proj=utm +zone=18 +ellps=WGS84 +datum=WGS84 +units=m +no_defs'.
Removing self-loops ... done (1ms).
Finding isolated roads ...
Warning: Removed a road without junctions: -1021258188.
Warning: Removed a road without junctions: -1080341485.
Warning: Removed a road without junctions: -1080341488.
Warning: Removed a road without junctions: -1080341489.
Warning: Removed a road without junctions: -1097114222.
 done (3ms).
Finding largest components ...
Found 7 components and removed 6 (37 edges).
 done (14ms).
Processing public transport stops ... done (4ms).
Align pt stop id signs with corresponding edge id signs ... done (0ms).
Joining tram edges ... done (0ms).
Joining junction clusters ...
Warning: Not joining junctions 10006361871,10006361878 (only 1 exit node).
Warning: Reducing junction cluster 100522479,10171951884,11506834426,11506834427,11506834428,11506834429,12181374954,12181374955,12181374956,12181374957,3639382767,3639382768,3786901749,3786901750,3786901751,42453005,561042197,561042198,561042199,8122411158,8122411173 (parallel incoming -872052106,381565180#1).
Warning: Reducing junction cluster 10125255941,10125255942,10125255943,10125255944,42432856,6680686985,6680686987,8133385387,8133385388,9177540204 (parallel incoming 465000799#1,710571393#1).
Warning: Reducing junction cluster 10125255945,10125255946,42443615,6680686184,9140903899,9140903900,9140903901,9140903902 (parallel incoming 710571388#1,710571389#1).
Warning: Reducing junction cluster 10171326404,10171326405,1701844618,358448163,42437693,6656308651,8261122850,9421123764 (parallel outgoing 1203138885#1,31984130#1).
Warning: Not joining junctions 11252642361,12152197667 (parallel incoming 1312887381#2,5671425#1).
Warning: Not joining junctions 11507273092,11507273095,11507273100,11507273101 (long edge).
Warning: Reducing junction cluster 11942111840,12187390428,42423020,4259278546,4259278549,4259278553,4259278554,6913714562 (parallel outgoing 1090370030,46334595#1).
Warning: Not joining junctions 11942111842,6166333235,6166333236 (parallel incoming 1287670372,931476202).
Warning: Not joining junctions 12096569816,12096569820 (only 1 entry node).
 done (84ms).
 Joined 759 junction cluster(s).
Removing empty nodes and geometry nodes ... done (10ms).
   455 nodes removed.
Moving network to origin ... done (31ms).
Joining similar edges ... done (3ms).
Computing turning directions ...
Warning: Ambiguity in turnarounds computation at junction '3278932321'.
Warning: Ambiguity in turnarounds computation at junction '3278932329'.
Warning: Ambiguity in turnarounds computation at junction 'cluster_42452975_8261122928_8261122929_8261122930_#6more'.
Warning: Ambiguity in turnarounds computation at junction 'cluster_5481881550_5481881551'.
Warning: Ambiguity in turnarounds computation at junction 'cluster_5481881554_9112839749'.
 done (2ms).
Assigning nodes to traffic lights ... done (2ms).
Guessing and setting on-/off-ramps ... done (5ms).
Warning: Found sharp turn with radius 8.52 at the start of edge '1106482769'.
Warning: Found sharp turn with radius 8.78 at the end of edge '770443245'.
Sorting nodes' edges ... done (2ms).
Computing node shapes ...
Warning: Shape for junction '1701844605' has distance 21.67 to its given position.
Warning: Shape for junction '3785586743' has distance 53.38 to its given position.
Warning: Shape for junction '42423579' has distance 20.71 to its given position.
Warning: Shape for junction '6133355290' has distance 26.41 to its given position.
 done (63ms).
Computing edge shapes ... done (25ms).
Computing node types ... done (2ms).
Computing priorities ... done (2ms).
Computing approached edges ... done (4ms).
Guessing and setting roundabouts ...
Warning: Replacing loaded roundabout '1024425034 171574337 439801901#0 439801901#1 439801902 439801903 460065820 460065821#0 460065821#1 460065821#2 460065822#0 460065822#1 768381525#0 768381525#1' with '1024425034 171574337 439801901#0 439801901#1 439801902 439801903 460065820 460065821#0 460065821#1 460065821#2 460065822#1 768381525#1'.
 Guessed 4 roundabout(s).
 done (2ms).
Computing approaching lanes ... done (21ms).
Dividing of lanes on approached lanes ... done (17ms).
Processing turnarounds ... done (2ms).
Rechecking of lane endings ...
Warning: Ignoring changeLeft prohibition for '1052660936#0_1' to avoid dead-end
Warning: Ignoring changeLeft prohibition for '1167572188_0' to avoid dead-end
Warning: Ignoring changeLeft prohibition for '1341933856#1_0' to avoid dead-end
Warning: Ignoring changeLeft prohibition for '420908127#0_2' to avoid dead-end
Warning: Ignoring changeLeft prohibition for '420908129#0_3' to avoid dead-end
 done (3ms).
Joining traffic light nodes ... done (3ms).
Computing traffic light control information ... done (9ms).
Computing node logics ... done (43ms).
Computing traffic light logics ...
Warning: The traffic light '4234425042' does not control any links; it will not be build.
Warning: Could not build program '0' for traffic light '4234425042'
Warning: The traffic light '42443329' does not control any links; it will not be build.
Warning: Could not build program '0' for traffic light '42443329'
Warning: The traffic light '595703341' does not control any links; it will not be build.
Warning: Could not build program '0' for traffic light '595703341'
Warning: The traffic light '7595763588' does not control any links; it will not be build.
Warning: Could not build program '0' for traffic light '7595763588'
Warning: The traffic light 'GS_11049420899' does not control any links; it will not be build.
Warning: Could not build program '0' for traffic light 'GS_11049420899'
Warning: Minor green from edge '46538405#0' to edge '46525065#1' exceeds 19.44m/s. Maybe a left-turn lane is missing.
Warning: Minor green from edge '-587038082#0' to edge '569345502#1' exceeds 19.44m/s. Maybe a left-turn lane is missing.
Warning: Minor green from edge '-497165757#2' to edge '497165753#1' exceeds 19.44m/s. Maybe a left-turn lane is missing.
Warning: Minor green from edge '388696206#1' to edge '46240204#1' exceeds 19.44m/s. Maybe a left-turn lane is missing.
Warning: Minor green from edge '617425347' to edge '460585328#1' exceeds 19.44m/s. Maybe a left-turn lane is missing.
Warning: The traffic light 'joinedS_11506834426_11506834427_12181374954_3786901750_#3more' cannot be adapted to a cycle time of 90.00.
Warning: The traffic light 'joinedS_11506834426_11506834427_12181374954_3786901750_#3more' has a high cycle time of 272.00.
Warning: The traffic light 'joinedS_1825841704_4347550071_4347733129_8821677085_#4more' cannot be adapted to a cycle time of 90.00.
Warning: The traffic light 'joinedS_1825841704_4347550071_4347733129_8821677085_#4more' has a high cycle time of 296.00.
 done (56ms).
 854 traffic light(s) computed.
Building inner edges ...
Warning: Speed of straight connection '46139020_2->664660189_0' reduced by 8.07 due to turning radius of 36.42 (length=8.39, angle=28.50).
Warning: Speed of straight connection '936537011_0->380147339#0_1' reduced by 6.58 due to turning radius of 18.63 (length=6.67, angle=36.44).
Warning: Speed of straight connection '936537011_1->380147339#0_2' reduced by 7.86 due to turning radius of 14.21 (length=6.42, angle=42.41).
Warning: Speed of straight connection '936537011_2->380147339#0_3' reduced by 7.97 due to turning radius of 13.84 (length=6.24, angle=42.41).
Warning: Speed of straight connection '-511699179_0->1106482769_0' reduced by 6.95 due to turning radius of 5.67 (length=3.27, angle=53.48).
 done (69ms).
Find accesses for pt rail stops ... done (4ms).
-----------------------------------------------------
Summary:
 Node type statistics:
  Unregulated junctions       : 0
  Dead-end junctions          : 108
  Priority junctions          : 1079
  Right-before-left junctions : 130
  Traffic light junctions      : 982
 Network boundaries:
  Original boundary  : -74.02,40.74,-73.95,40.79
  Applied offset     : -582719.96,-4510477.15
  Converted boundary : 0.00,0.00,6008.94,5082.54
-----------------------------------------------------
Writing network ... done (505ms).
Warning: 7 total messages of type: Ambiguity in turnarounds computation at junction '%'.
Warning: 39 total messages of type: Could not build program '%' for traffic light '%'
Warning: 20 total messages of type: Discarding unknown compound '%' in type '%' (first occurrence for edge '%').
Warning: 8 total messages of type: Ignoring changeLeft prohibition for '%' to avoid dead-end
Warning: 68 total messages of type: Minor green from edge '%' to edge '%' exceeds %m/s. Maybe a left-turn lane is missing.
Warning: 16 total messages of type: New value for oneway found: %
Warning: 31 total messages of type: Not joining junctions % (%).
Warning: 16 total messages of type: Reducing junction cluster % (%).
Warning: 36 total messages of type: Removed a road without junctions: %.
Warning: 16 total messages of type: Speed of % connection '%' reduced by % due to turning radius of % (length=%, angle=%).
Warning: 39 total messages of type: The traffic light '%' does not control any links; it will not be build.
Warning: 78 total messages of type: Unknown lane use specifier '%' ignored for way '%'
Warning: 11 total messages of type: Using default width for edge '%' as value '%' could not be parsed.
